Long-step dual simplex will be used
Long-step dual simplex will be used
Long-step dual simplex will be used
Long-step dual simplex will be used
Long-step dual simplex will be used
Long-step dual simplex will be used
Long-step dual simplex will be used
Long-step dual simplex will be used
Long-step dual simplex will be used
Long-step dual simplex will be used
Long-step dual simplex will be used
Long-step dual simplex will be used
Long-step dual simplex will be used
Long-step dual simplex will be used
Long-step dual simplex will be used
Long-step dual simplex will be used
Long-step dual simplex will be used
Long-step dual simplex will be used
Long-step dual simplex will be used
Long-step dual simplex will be used
Long-step dual simplex will be used
Long-step dual simplex will be used
Long-step dual simplex will be used
Long-step dual simplex will be used
Long-step dual simplex will be used
Long-step dual simplex will be used
Long-step dual simplex will be used
Long-step dual simplex will be used
Long-step dual simplex will be used
Long-step dual simplex will be used
Long-step dual simplex will be used
Long-step dual simplex will be used
Long-step dual simplex will be used
Long-step dual simplex will be used
Long-step dual simplex will be used
Long-step dual simplex will be used
Long-step dual simplex will be used
Long-step dual simplex will be used
Long-step dual simplex will be used
Long-step dual simplex will be used
Long-step dual simplex will be used
Long-step dual simplex will be used
Long-step dual simplex will be used
Long-step dual simplex will be used
Long-step dual simplex will be used
IPGBs, no binary truncation
Algorithm statistics:
zero_reductions => 25
max_basis_size => 36
queued_pairs => 630
built_pairs => 31
reduced_pairs => 31
eliminated_by_truncation => 0
removed_by_autoreduction => 0
eliminated_by_gcd => 599
time => 0.007859263
memory => 0.0012740269303321838
IPGBs, with binary truncation
Algorithm statistics:
zero_reductions => 25
max_basis_size => 36
queued_pairs => 630
built_pairs => 31
reduced_pairs => 31
eliminated_by_truncation => 0
removed_by_autoreduction => 0
eliminated_by_gcd => 599
time => 0.00465181
memory => 0.0012740269303321838
4ti2 results
4ti2 time => 0.023534257
