Long-step dual simplex will be used
Long-step dual simplex will be used
Long-step dual simplex will be used
Long-step dual simplex will be used
Long-step dual simplex will be used
Long-step dual simplex will be used
Long-step dual simplex will be used
Long-step dual simplex will be used
Long-step dual simplex will be used
Long-step dual simplex will be used
Long-step dual simplex will be used
Long-step dual simplex will be used
Long-step dual simplex will be used
Long-step dual simplex will be used
IPGBs, no binary truncation
Algorithm statistics:
zero_reductions => 6
max_basis_size => 15
queued_pairs => 105
built_pairs => 11
reduced_pairs => 11
eliminated_by_truncation => 0
removed_by_autoreduction => 0
eliminated_by_gcd => 94
time => 0.006945423
memory => 0.0007600635290145874
IPGBs, with binary truncation
Algorithm statistics:
zero_reductions => 6
max_basis_size => 15
queued_pairs => 105
built_pairs => 11
reduced_pairs => 11
eliminated_by_truncation => 0
removed_by_autoreduction => 0
eliminated_by_gcd => 94
time => 0.003518443
memory => 0.0007600635290145874
4ti2 results
4ti2 time => 0.01660755
