Long-step dual simplex will be used
Long-step dual simplex will be used
Long-step dual simplex will be used
Long-step dual simplex will be used
Long-step dual simplex will be used
Long-step dual simplex will be used
Long-step dual simplex will be used
Long-step dual simplex will be used
Long-step dual simplex will be used
Long-step dual simplex will be used
Long-step dual simplex will be used
Long-step dual simplex will be used
Long-step dual simplex will be used
Long-step dual simplex will be used
Long-step dual simplex will be used
Long-step dual simplex will be used
IPGBs, no binary truncation
Algorithm statistics:
zero_reductions => 3
max_basis_size => 12
queued_pairs => 66
built_pairs => 5
reduced_pairs => 5
eliminated_by_truncation => 0
removed_by_autoreduction => 0
eliminated_by_gcd => 61
time => 0.006895538
memory => 0.0007540658116340637
IPGBs, with binary truncation
Algorithm statistics:
zero_reductions => 3
max_basis_size => 12
queued_pairs => 66
built_pairs => 5
reduced_pairs => 5
eliminated_by_truncation => 0
removed_by_autoreduction => 0
eliminated_by_gcd => 61
time => 0.003922047
memory => 0.0007540658116340637
4ti2 results
4ti2 time => 0.017982002
