Long-step dual simplex will be used
Long-step dual simplex will be used
Long-step dual simplex will be used
Long-step dual simplex will be used
Long-step dual simplex will be used
Long-step dual simplex will be used
Long-step dual simplex will be used
Long-step dual simplex will be used
Long-step dual simplex will be used
Long-step dual simplex will be used
Long-step dual simplex will be used
Long-step dual simplex will be used
Long-step dual simplex will be used
Long-step dual simplex will be used
Long-step dual simplex will be used
Long-step dual simplex will be used
Long-step dual simplex will be used
Long-step dual simplex will be used
Long-step dual simplex will be used
Long-step dual simplex will be used
IPGBs, no binary truncation
Algorithm statistics:
zero_reductions => 13
max_basis_size => 21
queued_pairs => 210
built_pairs => 24
reduced_pairs => 24
eliminated_by_truncation => 0
removed_by_autoreduction => 0
eliminated_by_gcd => 186
time => 0.006747347
memory => 0.0007711946964263916
IPGBs, with binary truncation
Algorithm statistics:
zero_reductions => 13
max_basis_size => 21
queued_pairs => 210
built_pairs => 24
reduced_pairs => 24
eliminated_by_truncation => 0
removed_by_autoreduction => 0
eliminated_by_gcd => 186
time => 0.0053808
memory => 0.0007711946964263916
4ti2 results
4ti2 time => 0.018411075
