IPGBs, no binary truncation
Algorithm statistics:
zero_reductions => 0
max_basis_size => 0
queued_pairs => 0
built_pairs => 0
reduced_pairs => 0
eliminated_by_truncation => 0
removed_by_autoreduction => 0
eliminated_by_gcd => 0
time => 0.01715154
memory => 0.003566145896911621
IPGBs, with binary truncation
Algorithm statistics:
zero_reductions => 0
max_basis_size => 0
queued_pairs => 0
built_pairs => 0
reduced_pairs => 0
eliminated_by_truncation => 0
removed_by_autoreduction => 0
eliminated_by_gcd => 0
time => 0.019202454
memory => 0.0033681392669677734
4ti2 results
4ti2 time => 0.027496781
