Long-step dual simplex will be used
Long-step dual simplex will be used
Long-step dual simplex will be used
Long-step dual simplex will be used
Long-step dual simplex will be used
Long-step dual simplex will be used
Long-step dual simplex will be used
Long-step dual simplex will be used
Long-step dual simplex will be used
Long-step dual simplex will be used
Long-step dual simplex will be used
Long-step dual simplex will be used
Long-step dual simplex will be used
Long-step dual simplex will be used
IPGBs, no binary truncation
Algorithm statistics:
zero_reductions => 14
max_basis_size => 16
queued_pairs => 120
built_pairs => 20
reduced_pairs => 20
eliminated_by_truncation => 0
removed_by_autoreduction => 0
eliminated_by_gcd => 100
time => 0.006285413
memory => 0.0007650256156921387
IPGBs, with binary truncation
Algorithm statistics:
zero_reductions => 14
max_basis_size => 16
queued_pairs => 120
built_pairs => 20
reduced_pairs => 20
eliminated_by_truncation => 0
removed_by_autoreduction => 0
eliminated_by_gcd => 100
time => 0.005341325
memory => 0.0007650256156921387
4ti2 results
4ti2 time => 0.018431263
