Long-step dual simplex will be used
Long-step dual simplex will be used
Long-step dual simplex will be used
Long-step dual simplex will be used
Long-step dual simplex will be used
Long-step dual simplex will be used
Long-step dual simplex will be used
Long-step dual simplex will be used
Long-step dual simplex will be used
Long-step dual simplex will be used
Long-step dual simplex will be used
IPGBs, no binary truncation
Algorithm statistics:
zero_reductions => 1
max_basis_size => 11
queued_pairs => 55
built_pairs => 2
reduced_pairs => 2
eliminated_by_truncation => 0
removed_by_autoreduction => 0
eliminated_by_gcd => 53
time => 0.006741296
memory => 0.000749737024307251
IPGBs, with binary truncation
Algorithm statistics:
zero_reductions => 1
max_basis_size => 11
queued_pairs => 55
built_pairs => 2
reduced_pairs => 2
eliminated_by_truncation => 0
removed_by_autoreduction => 0
eliminated_by_gcd => 53
time => 0.005316598
memory => 0.000749737024307251
4ti2 results
4ti2 time => 0.018247956
