Long-step dual simplex will be used
Long-step dual simplex will be used
Long-step dual simplex will be used
Long-step dual simplex will be used
Long-step dual simplex will be used
Long-step dual simplex will be used
Long-step dual simplex will be used
Long-step dual simplex will be used
Long-step dual simplex will be used
Long-step dual simplex will be used
Long-step dual simplex will be used
Long-step dual simplex will be used
Long-step dual simplex will be used
Long-step dual simplex will be used
Long-step dual simplex will be used
Long-step dual simplex will be used
Long-step dual simplex will be used
Long-step dual simplex will be used
Long-step dual simplex will be used
Long-step dual simplex will be used
Long-step dual simplex will be used
Long-step dual simplex will be used
Long-step dual simplex will be used
Long-step dual simplex will be used
Long-step dual simplex will be used
Long-step dual simplex will be used
Long-step dual simplex will be used
Long-step dual simplex will be used
Long-step dual simplex will be used
Long-step dual simplex will be used
Long-step dual simplex will be used
Long-step dual simplex will be used
Long-step dual simplex will be used
Long-step dual simplex will be used
Long-step dual simplex will be used
Long-step dual simplex will be used
Long-step dual simplex will be used
Long-step dual simplex will be used
Long-step dual simplex will be used
Long-step dual simplex will be used
Long-step dual simplex will be used
Long-step dual simplex will be used
Long-step dual simplex will be used
Long-step dual simplex will be used
Long-step dual simplex will be used
Long-step dual simplex will be used
Long-step dual simplex will be used
Long-step dual simplex will be used
Long-step dual simplex will be used
Long-step dual simplex will be used
Long-step dual simplex will be used
Long-step dual simplex will be used
Long-step dual simplex will be used
Long-step dual simplex will be used
Long-step dual simplex will be used
Long-step dual simplex will be used
Long-step dual simplex will be used
Long-step dual simplex will be used
Long-step dual simplex will be used
Long-step dual simplex will be used
Long-step dual simplex will be used
Long-step dual simplex will be used
Long-step dual simplex will be used
Long-step dual simplex will be used
Long-step dual simplex will be used
Long-step dual simplex will be used
Long-step dual simplex will be used
Long-step dual simplex will be used
Long-step dual simplex will be used
Long-step dual simplex will be used
Long-step dual simplex will be used
Long-step dual simplex will be used
Long-step dual simplex will be used
Long-step dual simplex will be used
Long-step dual simplex will be used
Long-step dual simplex will be used
Long-step dual simplex will be used
Long-step dual simplex will be used
Long-step dual simplex will be used
Long-step dual simplex will be used
Long-step dual simplex will be used
Long-step dual simplex will be used
Long-step dual simplex will be used
Long-step dual simplex will be used
Long-step dual simplex will be used
Long-step dual simplex will be used
Long-step dual simplex will be used
Long-step dual simplex will be used
Long-step dual simplex will be used
Long-step dual simplex will be used
Long-step dual simplex will be used
Long-step dual simplex will be used
Long-step dual simplex will be used
Long-step dual simplex will be used
Long-step dual simplex will be used
Long-step dual simplex will be used
Long-step dual simplex will be used
Long-step dual simplex will be used
Long-step dual simplex will be used
Long-step dual simplex will be used
Long-step dual simplex will be used
Long-step dual simplex will be used
Long-step dual simplex will be used
Long-step dual simplex will be used
Long-step dual simplex will be used
Long-step dual simplex will be used
Long-step dual simplex will be used
Long-step dual simplex will be used
Long-step dual simplex will be used
Long-step dual simplex will be used
Long-step dual simplex will be used
Long-step dual simplex will be used
Long-step dual simplex will be used
Long-step dual simplex will be used
Long-step dual simplex will be used
Long-step dual simplex will be used
Long-step dual simplex will be used
Long-step dual simplex will be used
Long-step dual simplex will be used
Long-step dual simplex will be used
Long-step dual simplex will be used
Long-step dual simplex will be used
Long-step dual simplex will be used
Long-step dual simplex will be used
Long-step dual simplex will be used
Long-step dual simplex will be used
Long-step dual simplex will be used
Long-step dual simplex will be used
Long-step dual simplex will be used
Long-step dual simplex will be used
Long-step dual simplex will be used
Long-step dual simplex will be used
Long-step dual simplex will be used
Long-step dual simplex will be used
Long-step dual simplex will be used
Long-step dual simplex will be used
Long-step dual simplex will be used
Long-step dual simplex will be used
Long-step dual simplex will be used
Long-step dual simplex will be used
Long-step dual simplex will be used
Long-step dual simplex will be used
Long-step dual simplex will be used
Long-step dual simplex will be used
Long-step dual simplex will be used
Long-step dual simplex will be used
Long-step dual simplex will be used
Long-step dual simplex will be used
Long-step dual simplex will be used
Long-step dual simplex will be used
Long-step dual simplex will be used
Long-step dual simplex will be used
Long-step dual simplex will be used
Long-step dual simplex will be used
Long-step dual simplex will be used
Long-step dual simplex will be used
Long-step dual simplex will be used
Long-step dual simplex will be used
Long-step dual simplex will be used
Long-step dual simplex will be used
Long-step dual simplex will be used
Long-step dual simplex will be used
Long-step dual simplex will be used
Long-step dual simplex will be used
Long-step dual simplex will be used
Long-step dual simplex will be used
Long-step dual simplex will be used
Long-step dual simplex will be used
Long-step dual simplex will be used
Long-step dual simplex will be used
Long-step dual simplex will be used
Long-step dual simplex will be used
Long-step dual simplex will be used
Long-step dual simplex will be used
Long-step dual simplex will be used
Long-step dual simplex will be used
Long-step dual simplex will be used
Long-step dual simplex will be used
Long-step dual simplex will be used
Long-step dual simplex will be used
Long-step dual simplex will be used
Long-step dual simplex will be used
Long-step dual simplex will be used
Long-step dual simplex will be used
Long-step dual simplex will be used
Long-step dual simplex will be used
Long-step dual simplex will be used
Long-step dual simplex will be used
Long-step dual simplex will be used
Long-step dual simplex will be used
Long-step dual simplex will be used
Long-step dual simplex will be used
Long-step dual simplex will be used
Long-step dual simplex will be used
Long-step dual simplex will be used
Long-step dual simplex will be used
Long-step dual simplex will be used
Long-step dual simplex will be used
Long-step dual simplex will be used
Long-step dual simplex will be used
Long-step dual simplex will be used
Long-step dual simplex will be used
Long-step dual simplex will be used
Long-step dual simplex will be used
Long-step dual simplex will be used
Long-step dual simplex will be used
Long-step dual simplex will be used
Long-step dual simplex will be used
Long-step dual simplex will be used
Long-step dual simplex will be used
Long-step dual simplex will be used
Long-step dual simplex will be used
Long-step dual simplex will be used
Long-step dual simplex will be used
Long-step dual simplex will be used
Long-step dual simplex will be used
Long-step dual simplex will be used
Long-step dual simplex will be used
Long-step dual simplex will be used
Long-step dual simplex will be used
Long-step dual simplex will be used
Long-step dual simplex will be used
Long-step dual simplex will be used
Long-step dual simplex will be used
Long-step dual simplex will be used
Long-step dual simplex will be used
Long-step dual simplex will be used
Long-step dual simplex will be used
Long-step dual simplex will be used
Long-step dual simplex will be used
Long-step dual simplex will be used
Long-step dual simplex will be used
Long-step dual simplex will be used
Long-step dual simplex will be used
Long-step dual simplex will be used
Long-step dual simplex will be used
Long-step dual simplex will be used
Long-step dual simplex will be used
Long-step dual simplex will be used
Long-step dual simplex will be used
Long-step dual simplex will be used
Long-step dual simplex will be used
Long-step dual simplex will be used
Long-step dual simplex will be used
Long-step dual simplex will be used
Long-step dual simplex will be used
Long-step dual simplex will be used
Long-step dual simplex will be used
Long-step dual simplex will be used
Long-step dual simplex will be used
Long-step dual simplex will be used
Long-step dual simplex will be used
Long-step dual simplex will be used
Long-step dual simplex will be used
Long-step dual simplex will be used
Long-step dual simplex will be used
Long-step dual simplex will be used
Long-step dual simplex will be used
Long-step dual simplex will be used
Long-step dual simplex will be used
Long-step dual simplex will be used
Long-step dual simplex will be used
Long-step dual simplex will be used
Long-step dual simplex will be used
Long-step dual simplex will be used
Long-step dual simplex will be used
Long-step dual simplex will be used
Long-step dual simplex will be used
Long-step dual simplex will be used
Long-step dual simplex will be used
Long-step dual simplex will be used
Long-step dual simplex will be used
Long-step dual simplex will be used
Long-step dual simplex will be used
Long-step dual simplex will be used
Long-step dual simplex will be used
Long-step dual simplex will be used
Long-step dual simplex will be used
Long-step dual simplex will be used
Long-step dual simplex will be used
Long-step dual simplex will be used
Long-step dual simplex will be used
Long-step dual simplex will be used
Long-step dual simplex will be used
Long-step dual simplex will be used
Long-step dual simplex will be used
Long-step dual simplex will be used
Long-step dual simplex will be used
Long-step dual simplex will be used
Long-step dual simplex will be used
Long-step dual simplex will be used
Long-step dual simplex will be used
Long-step dual simplex will be used
Long-step dual simplex will be used
Long-step dual simplex will be used
Long-step dual simplex will be used
Long-step dual simplex will be used
Long-step dual simplex will be used
Long-step dual simplex will be used
Long-step dual simplex will be used
Long-step dual simplex will be used
Long-step dual simplex will be used
Long-step dual simplex will be used
Long-step dual simplex will be used
Long-step dual simplex will be used
Long-step dual simplex will be used
Long-step dual simplex will be used
Long-step dual simplex will be used
Long-step dual simplex will be used
Long-step dual simplex will be used
Long-step dual simplex will be used
Long-step dual simplex will be used
Long-step dual simplex will be used
Long-step dual simplex will be used
Long-step dual simplex will be used
Long-step dual simplex will be used
Long-step dual simplex will be used
Long-step dual simplex will be used
Long-step dual simplex will be used
Long-step dual simplex will be used
Long-step dual simplex will be used
Long-step dual simplex will be used
Long-step dual simplex will be used
Long-step dual simplex will be used
Long-step dual simplex will be used
Long-step dual simplex will be used
Long-step dual simplex will be used
Long-step dual simplex will be used
Long-step dual simplex will be used
Long-step dual simplex will be used
Long-step dual simplex will be used
Long-step dual simplex will be used
Long-step dual simplex will be used
Long-step dual simplex will be used
Long-step dual simplex will be used
Long-step dual simplex will be used
Long-step dual simplex will be used
Long-step dual simplex will be used
Long-step dual simplex will be used
Long-step dual simplex will be used
Long-step dual simplex will be used
Long-step dual simplex will be used
Long-step dual simplex will be used
Long-step dual simplex will be used
Long-step dual simplex will be used
Long-step dual simplex will be used
Long-step dual simplex will be used
Long-step dual simplex will be used
Long-step dual simplex will be used
Long-step dual simplex will be used
Long-step dual simplex will be used
Long-step dual simplex will be used
Long-step dual simplex will be used
Long-step dual simplex will be used
Long-step dual simplex will be used
Long-step dual simplex will be used
Long-step dual simplex will be used
Long-step dual simplex will be used
Long-step dual simplex will be used
Long-step dual simplex will be used
Long-step dual simplex will be used
Long-step dual simplex will be used
Long-step dual simplex will be used
Long-step dual simplex will be used
Long-step dual simplex will be used
Long-step dual simplex will be used
Long-step dual simplex will be used
Long-step dual simplex will be used
Long-step dual simplex will be used
Long-step dual simplex will be used
Long-step dual simplex will be used
Long-step dual simplex will be used
Long-step dual simplex will be used
Long-step dual simplex will be used
Long-step dual simplex will be used
Long-step dual simplex will be used
Long-step dual simplex will be used
Long-step dual simplex will be used
Long-step dual simplex will be used
Long-step dual simplex will be used
Long-step dual simplex will be used
Long-step dual simplex will be used
Long-step dual simplex will be used
Long-step dual simplex will be used
Long-step dual simplex will be used
Long-step dual simplex will be used
Long-step dual simplex will be used
Long-step dual simplex will be used
Long-step dual simplex will be used
Long-step dual simplex will be used
Long-step dual simplex will be used
Long-step dual simplex will be used
Long-step dual simplex will be used
Long-step dual simplex will be used
Long-step dual simplex will be used
Long-step dual simplex will be used
Long-step dual simplex will be used
Long-step dual simplex will be used
Long-step dual simplex will be used
Long-step dual simplex will be used
Long-step dual simplex will be used
Long-step dual simplex will be used
Long-step dual simplex will be used
Long-step dual simplex will be used
Long-step dual simplex will be used
Long-step dual simplex will be used
Long-step dual simplex will be used
Long-step dual simplex will be used
Long-step dual simplex will be used
Long-step dual simplex will be used
Long-step dual simplex will be used
Long-step dual simplex will be used
Long-step dual simplex will be used
Long-step dual simplex will be used
Long-step dual simplex will be used
Long-step dual simplex will be used
Long-step dual simplex will be used
Long-step dual simplex will be used
Long-step dual simplex will be used
Long-step dual simplex will be used
Long-step dual simplex will be used
Long-step dual simplex will be used
Long-step dual simplex will be used
Long-step dual simplex will be used
Long-step dual simplex will be used
Long-step dual simplex will be used
Long-step dual simplex will be used
Long-step dual simplex will be used
Long-step dual simplex will be used
Long-step dual simplex will be used
Long-step dual simplex will be used
Long-step dual simplex will be used
Long-step dual simplex will be used
Long-step dual simplex will be used
Long-step dual simplex will be used
Long-step dual simplex will be used
Long-step dual simplex will be used
Long-step dual simplex will be used
Long-step dual simplex will be used
Long-step dual simplex will be used
Long-step dual simplex will be used
Long-step dual simplex will be used
Long-step dual simplex will be used
Long-step dual simplex will be used
Long-step dual simplex will be used
Long-step dual simplex will be used
Long-step dual simplex will be used
Long-step dual simplex will be used
Long-step dual simplex will be used
Long-step dual simplex will be used
Long-step dual simplex will be used
Long-step dual simplex will be used
Long-step dual simplex will be used
Long-step dual simplex will be used
Long-step dual simplex will be used
Long-step dual simplex will be used
Long-step dual simplex will be used
Long-step dual simplex will be used
Long-step dual simplex will be used
Long-step dual simplex will be used
Long-step dual simplex will be used
Long-step dual simplex will be used
Long-step dual simplex will be used
Long-step dual simplex will be used
Long-step dual simplex will be used
Long-step dual simplex will be used
Long-step dual simplex will be used
Long-step dual simplex will be used
Long-step dual simplex will be used
Long-step dual simplex will be used
Long-step dual simplex will be used
Long-step dual simplex will be used
Long-step dual simplex will be used
Long-step dual simplex will be used
Long-step dual simplex will be used
Long-step dual simplex will be used
Long-step dual simplex will be used
Long-step dual simplex will be used
Long-step dual simplex will be used
Long-step dual simplex will be used
Long-step dual simplex will be used
Long-step dual simplex will be used
Long-step dual simplex will be used
Long-step dual simplex will be used
Long-step dual simplex will be used
Long-step dual simplex will be used
Long-step dual simplex will be used
Long-step dual simplex will be used
Long-step dual simplex will be used
Long-step dual simplex will be used
Long-step dual simplex will be used
Long-step dual simplex will be used
Long-step dual simplex will be used
Long-step dual simplex will be used
Long-step dual simplex will be used
Long-step dual simplex will be used
Long-step dual simplex will be used
Long-step dual simplex will be used
Long-step dual simplex will be used
Long-step dual simplex will be used
Long-step dual simplex will be used
Long-step dual simplex will be used
Long-step dual simplex will be used
Long-step dual simplex will be used
Long-step dual simplex will be used
Long-step dual simplex will be used
Long-step dual simplex will be used
Long-step dual simplex will be used
Long-step dual simplex will be used
Long-step dual simplex will be used
Long-step dual simplex will be used
Long-step dual simplex will be used
Long-step dual simplex will be used
Long-step dual simplex will be used
Long-step dual simplex will be used
Long-step dual simplex will be used
Long-step dual simplex will be used
Long-step dual simplex will be used
Long-step dual simplex will be used
Long-step dual simplex will be used
Long-step dual simplex will be used
Long-step dual simplex will be used
Long-step dual simplex will be used
Long-step dual simplex will be used
Long-step dual simplex will be used
Long-step dual simplex will be used
Long-step dual simplex will be used
Long-step dual simplex will be used
Long-step dual simplex will be used
Long-step dual simplex will be used
Long-step dual simplex will be used
Long-step dual simplex will be used
Long-step dual simplex will be used
Long-step dual simplex will be used
Long-step dual simplex will be used
Long-step dual simplex will be used
Long-step dual simplex will be used
Long-step dual simplex will be used
Long-step dual simplex will be used
Long-step dual simplex will be used
Long-step dual simplex will be used
Long-step dual simplex will be used
Long-step dual simplex will be used
Long-step dual simplex will be used
Long-step dual simplex will be used
Long-step dual simplex will be used
Long-step dual simplex will be used
Long-step dual simplex will be used
Long-step dual simplex will be used
Long-step dual simplex will be used
Long-step dual simplex will be used
Long-step dual simplex will be used
Long-step dual simplex will be used
Long-step dual simplex will be used
Long-step dual simplex will be used
Long-step dual simplex will be used
Long-step dual simplex will be used
Long-step dual simplex will be used
Long-step dual simplex will be used
Long-step dual simplex will be used
Long-step dual simplex will be used
Long-step dual simplex will be used
Long-step dual simplex will be used
Long-step dual simplex will be used
Long-step dual simplex will be used
Long-step dual simplex will be used
Long-step dual simplex will be used
Long-step dual simplex will be used
Long-step dual simplex will be used
IPGBs, no binary truncation
Algorithm statistics:
zero_reductions => 11207
max_basis_size => 569
queued_pairs => 161596
built_pairs => 26890
reduced_pairs => 12942
eliminated_by_truncation => 1176
removed_by_autoreduction => 0
eliminated_by_gcd => 134706
time => 0.021108873
memory => 0.00792837142944336
IPGBs, with binary truncation
Algorithm statistics:
zero_reductions => 6337
max_basis_size => 569
queued_pairs => 161596
built_pairs => 8652
reduced_pairs => 6901
eliminated_by_truncation => 5
removed_by_autoreduction => 0
eliminated_by_gcd => 152944
time => 0.014122253
memory => 0.004540190100669861
4ti2 results
4ti2 time => 0.087650701
