Long-step dual simplex will be used
Long-step dual simplex will be used
Long-step dual simplex will be used
Long-step dual simplex will be used
Long-step dual simplex will be used
Long-step dual simplex will be used
Long-step dual simplex will be used
Long-step dual simplex will be used
Long-step dual simplex will be used
Long-step dual simplex will be used
Long-step dual simplex will be used
Long-step dual simplex will be used
Long-step dual simplex will be used
Long-step dual simplex will be used
Long-step dual simplex will be used
Long-step dual simplex will be used
Long-step dual simplex will be used
Long-step dual simplex will be used
Long-step dual simplex will be used
Long-step dual simplex will be used
Long-step dual simplex will be used
Long-step dual simplex will be used
Long-step dual simplex will be used
Long-step dual simplex will be used
Long-step dual simplex will be used
Long-step dual simplex will be used
Long-step dual simplex will be used
Long-step dual simplex will be used
Long-step dual simplex will be used
Long-step dual simplex will be used
Long-step dual simplex will be used
Long-step dual simplex will be used
Long-step dual simplex will be used
Long-step dual simplex will be used
Long-step dual simplex will be used
Long-step dual simplex will be used
Long-step dual simplex will be used
Long-step dual simplex will be used
Long-step dual simplex will be used
Long-step dual simplex will be used
Long-step dual simplex will be used
Long-step dual simplex will be used
Long-step dual simplex will be used
Long-step dual simplex will be used
Long-step dual simplex will be used
Long-step dual simplex will be used
Long-step dual simplex will be used
Long-step dual simplex will be used
Long-step dual simplex will be used
Long-step dual simplex will be used
Long-step dual simplex will be used
Long-step dual simplex will be used
Long-step dual simplex will be used
Long-step dual simplex will be used
Long-step dual simplex will be used
Long-step dual simplex will be used
Long-step dual simplex will be used
Long-step dual simplex will be used
Long-step dual simplex will be used
Long-step dual simplex will be used
Long-step dual simplex will be used
Long-step dual simplex will be used
Long-step dual simplex will be used
Long-step dual simplex will be used
Long-step dual simplex will be used
Long-step dual simplex will be used
Long-step dual simplex will be used
Long-step dual simplex will be used
Long-step dual simplex will be used
Long-step dual simplex will be used
Long-step dual simplex will be used
Long-step dual simplex will be used
Long-step dual simplex will be used
Long-step dual simplex will be used
Long-step dual simplex will be used
Long-step dual simplex will be used
Long-step dual simplex will be used
Long-step dual simplex will be used
Long-step dual simplex will be used
Long-step dual simplex will be used
Long-step dual simplex will be used
Long-step dual simplex will be used
Long-step dual simplex will be used
Long-step dual simplex will be used
Long-step dual simplex will be used
Long-step dual simplex will be used
Long-step dual simplex will be used
Long-step dual simplex will be used
Long-step dual simplex will be used
Long-step dual simplex will be used
Long-step dual simplex will be used
Long-step dual simplex will be used
Long-step dual simplex will be used
Long-step dual simplex will be used
Long-step dual simplex will be used
Long-step dual simplex will be used
Long-step dual simplex will be used
Long-step dual simplex will be used
Long-step dual simplex will be used
Long-step dual simplex will be used
Long-step dual simplex will be used
Long-step dual simplex will be used
Long-step dual simplex will be used
Long-step dual simplex will be used
Long-step dual simplex will be used
Long-step dual simplex will be used
Long-step dual simplex will be used
Long-step dual simplex will be used
Long-step dual simplex will be used
Long-step dual simplex will be used
Long-step dual simplex will be used
Long-step dual simplex will be used
Long-step dual simplex will be used
Long-step dual simplex will be used
Long-step dual simplex will be used
Long-step dual simplex will be used
Long-step dual simplex will be used
Long-step dual simplex will be used
Long-step dual simplex will be used
Long-step dual simplex will be used
Long-step dual simplex will be used
Long-step dual simplex will be used
Long-step dual simplex will be used
Long-step dual simplex will be used
Long-step dual simplex will be used
Long-step dual simplex will be used
Long-step dual simplex will be used
Long-step dual simplex will be used
Long-step dual simplex will be used
Long-step dual simplex will be used
Long-step dual simplex will be used
Long-step dual simplex will be used
Long-step dual simplex will be used
Long-step dual simplex will be used
Long-step dual simplex will be used
Long-step dual simplex will be used
Long-step dual simplex will be used
Long-step dual simplex will be used
Long-step dual simplex will be used
Long-step dual simplex will be used
Long-step dual simplex will be used
Long-step dual simplex will be used
Long-step dual simplex will be used
Long-step dual simplex will be used
Long-step dual simplex will be used
Long-step dual simplex will be used
Long-step dual simplex will be used
Long-step dual simplex will be used
Long-step dual simplex will be used
Long-step dual simplex will be used
Long-step dual simplex will be used
Long-step dual simplex will be used
Long-step dual simplex will be used
Long-step dual simplex will be used
Long-step dual simplex will be used
Long-step dual simplex will be used
Long-step dual simplex will be used
Long-step dual simplex will be used
Long-step dual simplex will be used
Long-step dual simplex will be used
Long-step dual simplex will be used
Long-step dual simplex will be used
Long-step dual simplex will be used
Long-step dual simplex will be used
Long-step dual simplex will be used
Long-step dual simplex will be used
Long-step dual simplex will be used
Long-step dual simplex will be used
Long-step dual simplex will be used
Long-step dual simplex will be used
Long-step dual simplex will be used
Long-step dual simplex will be used
Long-step dual simplex will be used
Long-step dual simplex will be used
Long-step dual simplex will be used
Long-step dual simplex will be used
Long-step dual simplex will be used
Long-step dual simplex will be used
Long-step dual simplex will be used
Long-step dual simplex will be used
Long-step dual simplex will be used
Long-step dual simplex will be used
Long-step dual simplex will be used
Long-step dual simplex will be used
Long-step dual simplex will be used
Long-step dual simplex will be used
Long-step dual simplex will be used
Long-step dual simplex will be used
Long-step dual simplex will be used
Long-step dual simplex will be used
Long-step dual simplex will be used
Long-step dual simplex will be used
Long-step dual simplex will be used
Long-step dual simplex will be used
Long-step dual simplex will be used
Long-step dual simplex will be used
Long-step dual simplex will be used
Long-step dual simplex will be used
Long-step dual simplex will be used
Long-step dual simplex will be used
Long-step dual simplex will be used
Long-step dual simplex will be used
Long-step dual simplex will be used
Long-step dual simplex will be used
Long-step dual simplex will be used
Long-step dual simplex will be used
Long-step dual simplex will be used
Long-step dual simplex will be used
Long-step dual simplex will be used
Long-step dual simplex will be used
Long-step dual simplex will be used
Long-step dual simplex will be used
Long-step dual simplex will be used
Long-step dual simplex will be used
Long-step dual simplex will be used
Long-step dual simplex will be used
Long-step dual simplex will be used
Long-step dual simplex will be used
Long-step dual simplex will be used
Long-step dual simplex will be used
Long-step dual simplex will be used
Long-step dual simplex will be used
Long-step dual simplex will be used
Long-step dual simplex will be used
Long-step dual simplex will be used
Long-step dual simplex will be used
Long-step dual simplex will be used
Long-step dual simplex will be used
Long-step dual simplex will be used
Long-step dual simplex will be used
Long-step dual simplex will be used
Long-step dual simplex will be used
Long-step dual simplex will be used
Long-step dual simplex will be used
Long-step dual simplex will be used
Long-step dual simplex will be used
Long-step dual simplex will be used
Long-step dual simplex will be used
Long-step dual simplex will be used
Long-step dual simplex will be used
Long-step dual simplex will be used
Long-step dual simplex will be used
Long-step dual simplex will be used
Long-step dual simplex will be used
Long-step dual simplex will be used
Long-step dual simplex will be used
Long-step dual simplex will be used
Long-step dual simplex will be used
Long-step dual simplex will be used
Long-step dual simplex will be used
Long-step dual simplex will be used
Long-step dual simplex will be used
Long-step dual simplex will be used
Long-step dual simplex will be used
Long-step dual simplex will be used
Long-step dual simplex will be used
Long-step dual simplex will be used
Long-step dual simplex will be used
Long-step dual simplex will be used
Long-step dual simplex will be used
Long-step dual simplex will be used
Long-step dual simplex will be used
Long-step dual simplex will be used
Long-step dual simplex will be used
Long-step dual simplex will be used
Long-step dual simplex will be used
Long-step dual simplex will be used
Long-step dual simplex will be used
Long-step dual simplex will be used
Long-step dual simplex will be used
Long-step dual simplex will be used
Long-step dual simplex will be used
Long-step dual simplex will be used
Long-step dual simplex will be used
Long-step dual simplex will be used
Long-step dual simplex will be used
Long-step dual simplex will be used
Long-step dual simplex will be used
Long-step dual simplex will be used
Long-step dual simplex will be used
Long-step dual simplex will be used
Long-step dual simplex will be used
Long-step dual simplex will be used
Long-step dual simplex will be used
Long-step dual simplex will be used
Long-step dual simplex will be used
Long-step dual simplex will be used
Long-step dual simplex will be used
Long-step dual simplex will be used
Long-step dual simplex will be used
Long-step dual simplex will be used
Long-step dual simplex will be used
Long-step dual simplex will be used
Long-step dual simplex will be used
Long-step dual simplex will be used
Long-step dual simplex will be used
Long-step dual simplex will be used
Long-step dual simplex will be used
Long-step dual simplex will be used
Long-step dual simplex will be used
Long-step dual simplex will be used
Long-step dual simplex will be used
Long-step dual simplex will be used
Long-step dual simplex will be used
Long-step dual simplex will be used
Long-step dual simplex will be used
Long-step dual simplex will be used
Long-step dual simplex will be used
Long-step dual simplex will be used
Long-step dual simplex will be used
Long-step dual simplex will be used
Long-step dual simplex will be used
Long-step dual simplex will be used
Long-step dual simplex will be used
Long-step dual simplex will be used
Long-step dual simplex will be used
Long-step dual simplex will be used
Long-step dual simplex will be used
Long-step dual simplex will be used
Long-step dual simplex will be used
Long-step dual simplex will be used
Long-step dual simplex will be used
Long-step dual simplex will be used
Long-step dual simplex will be used
Long-step dual simplex will be used
Long-step dual simplex will be used
Long-step dual simplex will be used
Long-step dual simplex will be used
Long-step dual simplex will be used
Long-step dual simplex will be used
Long-step dual simplex will be used
Long-step dual simplex will be used
Long-step dual simplex will be used
Long-step dual simplex will be used
Long-step dual simplex will be used
Long-step dual simplex will be used
Long-step dual simplex will be used
Long-step dual simplex will be used
Long-step dual simplex will be used
Long-step dual simplex will be used
Long-step dual simplex will be used
Long-step dual simplex will be used
Long-step dual simplex will be used
Long-step dual simplex will be used
Long-step dual simplex will be used
Long-step dual simplex will be used
Long-step dual simplex will be used
Long-step dual simplex will be used
Long-step dual simplex will be used
Long-step dual simplex will be used
Long-step dual simplex will be used
Long-step dual simplex will be used
Long-step dual simplex will be used
Long-step dual simplex will be used
Long-step dual simplex will be used
Long-step dual simplex will be used
Long-step dual simplex will be used
Long-step dual simplex will be used
Long-step dual simplex will be used
Long-step dual simplex will be used
Long-step dual simplex will be used
Long-step dual simplex will be used
Long-step dual simplex will be used
Long-step dual simplex will be used
Long-step dual simplex will be used
Long-step dual simplex will be used
Long-step dual simplex will be used
Long-step dual simplex will be used
Long-step dual simplex will be used
Long-step dual simplex will be used
Long-step dual simplex will be used
Long-step dual simplex will be used
Long-step dual simplex will be used
Long-step dual simplex will be used
Long-step dual simplex will be used
Long-step dual simplex will be used
Long-step dual simplex will be used
Long-step dual simplex will be used
Long-step dual simplex will be used
Long-step dual simplex will be used
Long-step dual simplex will be used
Long-step dual simplex will be used
Long-step dual simplex will be used
Long-step dual simplex will be used
Long-step dual simplex will be used
Long-step dual simplex will be used
Long-step dual simplex will be used
Long-step dual simplex will be used
Long-step dual simplex will be used
Long-step dual simplex will be used
Long-step dual simplex will be used
Long-step dual simplex will be used
Long-step dual simplex will be used
Long-step dual simplex will be used
IPGBs, no binary truncation
Algorithm statistics:
zero_reductions => 6837
max_basis_size => 394
queued_pairs => 77421
built_pairs => 9987
reduced_pairs => 8067
eliminated_by_truncation => 846
removed_by_autoreduction => 0
eliminated_by_gcd => 67434
time => 0.015647641
memory => 0.0045686885714530945
IPGBs, with binary truncation
Algorithm statistics:
zero_reductions => 3497
max_basis_size => 394
queued_pairs => 77421
built_pairs => 4122
reduced_pairs => 3889
eliminated_by_truncation => 8
removed_by_autoreduction => 0
eliminated_by_gcd => 73299
time => 0.00919314
memory => 0.003107808530330658
4ti2 results
4ti2 time => 0.059080218
