Long-step dual simplex will be used
Long-step dual simplex will be used
Long-step dual simplex will be used
Long-step dual simplex will be used
Long-step dual simplex will be used
Long-step dual simplex will be used
Long-step dual simplex will be used
Long-step dual simplex will be used
Long-step dual simplex will be used
Long-step dual simplex will be used
Long-step dual simplex will be used
Long-step dual simplex will be used
Long-step dual simplex will be used
Long-step dual simplex will be used
Long-step dual simplex will be used
Long-step dual simplex will be used
Long-step dual simplex will be used
Long-step dual simplex will be used
Long-step dual simplex will be used
Long-step dual simplex will be used
Long-step dual simplex will be used
Long-step dual simplex will be used
Long-step dual simplex will be used
Long-step dual simplex will be used
Long-step dual simplex will be used
Long-step dual simplex will be used
Long-step dual simplex will be used
Long-step dual simplex will be used
Long-step dual simplex will be used
Long-step dual simplex will be used
Long-step dual simplex will be used
Long-step dual simplex will be used
Long-step dual simplex will be used
Long-step dual simplex will be used
Long-step dual simplex will be used
Long-step dual simplex will be used
Long-step dual simplex will be used
Long-step dual simplex will be used
Long-step dual simplex will be used
Long-step dual simplex will be used
Long-step dual simplex will be used
Long-step dual simplex will be used
Long-step dual simplex will be used
Long-step dual simplex will be used
Long-step dual simplex will be used
Long-step dual simplex will be used
Long-step dual simplex will be used
Long-step dual simplex will be used
Long-step dual simplex will be used
Long-step dual simplex will be used
Long-step dual simplex will be used
Long-step dual simplex will be used
Long-step dual simplex will be used
Long-step dual simplex will be used
Long-step dual simplex will be used
Long-step dual simplex will be used
Long-step dual simplex will be used
Long-step dual simplex will be used
Long-step dual simplex will be used
Long-step dual simplex will be used
Long-step dual simplex will be used
Long-step dual simplex will be used
Long-step dual simplex will be used
Long-step dual simplex will be used
Long-step dual simplex will be used
Long-step dual simplex will be used
Long-step dual simplex will be used
Long-step dual simplex will be used
Long-step dual simplex will be used
Long-step dual simplex will be used
Long-step dual simplex will be used
Long-step dual simplex will be used
Long-step dual simplex will be used
Long-step dual simplex will be used
Long-step dual simplex will be used
Long-step dual simplex will be used
Long-step dual simplex will be used
Long-step dual simplex will be used
Long-step dual simplex will be used
Long-step dual simplex will be used
Long-step dual simplex will be used
Long-step dual simplex will be used
Long-step dual simplex will be used
Long-step dual simplex will be used
Long-step dual simplex will be used
Long-step dual simplex will be used
Long-step dual simplex will be used
Long-step dual simplex will be used
Long-step dual simplex will be used
Long-step dual simplex will be used
Long-step dual simplex will be used
Long-step dual simplex will be used
Long-step dual simplex will be used
Long-step dual simplex will be used
Long-step dual simplex will be used
Long-step dual simplex will be used
Long-step dual simplex will be used
Long-step dual simplex will be used
Long-step dual simplex will be used
Long-step dual simplex will be used
Long-step dual simplex will be used
Long-step dual simplex will be used
Long-step dual simplex will be used
Long-step dual simplex will be used
Long-step dual simplex will be used
Long-step dual simplex will be used
Long-step dual simplex will be used
Long-step dual simplex will be used
Long-step dual simplex will be used
Long-step dual simplex will be used
Long-step dual simplex will be used
Long-step dual simplex will be used
Long-step dual simplex will be used
Long-step dual simplex will be used
Long-step dual simplex will be used
Long-step dual simplex will be used
Long-step dual simplex will be used
Long-step dual simplex will be used
Long-step dual simplex will be used
Long-step dual simplex will be used
Long-step dual simplex will be used
Long-step dual simplex will be used
Long-step dual simplex will be used
Long-step dual simplex will be used
Long-step dual simplex will be used
Long-step dual simplex will be used
Long-step dual simplex will be used
Long-step dual simplex will be used
Long-step dual simplex will be used
Long-step dual simplex will be used
Long-step dual simplex will be used
Long-step dual simplex will be used
Long-step dual simplex will be used
Long-step dual simplex will be used
Long-step dual simplex will be used
Long-step dual simplex will be used
Long-step dual simplex will be used
Long-step dual simplex will be used
Long-step dual simplex will be used
Long-step dual simplex will be used
Long-step dual simplex will be used
Long-step dual simplex will be used
Long-step dual simplex will be used
Long-step dual simplex will be used
Long-step dual simplex will be used
Long-step dual simplex will be used
Long-step dual simplex will be used
Long-step dual simplex will be used
Long-step dual simplex will be used
Long-step dual simplex will be used
Long-step dual simplex will be used
Long-step dual simplex will be used
Long-step dual simplex will be used
Long-step dual simplex will be used
Long-step dual simplex will be used
Long-step dual simplex will be used
Long-step dual simplex will be used
Long-step dual simplex will be used
Long-step dual simplex will be used
Long-step dual simplex will be used
Long-step dual simplex will be used
Long-step dual simplex will be used
Long-step dual simplex will be used
Long-step dual simplex will be used
Long-step dual simplex will be used
Long-step dual simplex will be used
Long-step dual simplex will be used
Long-step dual simplex will be used
Long-step dual simplex will be used
Long-step dual simplex will be used
Long-step dual simplex will be used
Long-step dual simplex will be used
Long-step dual simplex will be used
Long-step dual simplex will be used
Long-step dual simplex will be used
Long-step dual simplex will be used
Long-step dual simplex will be used
Long-step dual simplex will be used
Long-step dual simplex will be used
Long-step dual simplex will be used
Long-step dual simplex will be used
Long-step dual simplex will be used
Long-step dual simplex will be used
Long-step dual simplex will be used
Long-step dual simplex will be used
Long-step dual simplex will be used
Long-step dual simplex will be used
Long-step dual simplex will be used
Long-step dual simplex will be used
Long-step dual simplex will be used
Long-step dual simplex will be used
Long-step dual simplex will be used
Long-step dual simplex will be used
Long-step dual simplex will be used
Long-step dual simplex will be used
Long-step dual simplex will be used
Long-step dual simplex will be used
Long-step dual simplex will be used
Long-step dual simplex will be used
Long-step dual simplex will be used
Long-step dual simplex will be used
Long-step dual simplex will be used
Long-step dual simplex will be used
Long-step dual simplex will be used
Long-step dual simplex will be used
Long-step dual simplex will be used
Long-step dual simplex will be used
Long-step dual simplex will be used
Long-step dual simplex will be used
Long-step dual simplex will be used
Long-step dual simplex will be used
Long-step dual simplex will be used
Long-step dual simplex will be used
Long-step dual simplex will be used
Long-step dual simplex will be used
Long-step dual simplex will be used
Long-step dual simplex will be used
Long-step dual simplex will be used
Long-step dual simplex will be used
Long-step dual simplex will be used
Long-step dual simplex will be used
Long-step dual simplex will be used
Long-step dual simplex will be used
Long-step dual simplex will be used
Long-step dual simplex will be used
Long-step dual simplex will be used
Long-step dual simplex will be used
Long-step dual simplex will be used
Long-step dual simplex will be used
Long-step dual simplex will be used
Long-step dual simplex will be used
Long-step dual simplex will be used
Long-step dual simplex will be used
Long-step dual simplex will be used
Long-step dual simplex will be used
Long-step dual simplex will be used
Long-step dual simplex will be used
Long-step dual simplex will be used
Long-step dual simplex will be used
Long-step dual simplex will be used
Long-step dual simplex will be used
Long-step dual simplex will be used
Long-step dual simplex will be used
Long-step dual simplex will be used
Long-step dual simplex will be used
Long-step dual simplex will be used
Long-step dual simplex will be used
Long-step dual simplex will be used
Long-step dual simplex will be used
Long-step dual simplex will be used
Long-step dual simplex will be used
Long-step dual simplex will be used
Long-step dual simplex will be used
Long-step dual simplex will be used
Long-step dual simplex will be used
Long-step dual simplex will be used
Long-step dual simplex will be used
Long-step dual simplex will be used
Long-step dual simplex will be used
Long-step dual simplex will be used
Long-step dual simplex will be used
Long-step dual simplex will be used
Long-step dual simplex will be used
Long-step dual simplex will be used
Long-step dual simplex will be used
Long-step dual simplex will be used
Long-step dual simplex will be used
Long-step dual simplex will be used
Long-step dual simplex will be used
Long-step dual simplex will be used
Long-step dual simplex will be used
Long-step dual simplex will be used
Long-step dual simplex will be used
Long-step dual simplex will be used
Long-step dual simplex will be used
Long-step dual simplex will be used
Long-step dual simplex will be used
Long-step dual simplex will be used
Long-step dual simplex will be used
Long-step dual simplex will be used
Long-step dual simplex will be used
Long-step dual simplex will be used
Long-step dual simplex will be used
Long-step dual simplex will be used
Long-step dual simplex will be used
Long-step dual simplex will be used
Long-step dual simplex will be used
Long-step dual simplex will be used
Long-step dual simplex will be used
Long-step dual simplex will be used
Long-step dual simplex will be used
Long-step dual simplex will be used
Long-step dual simplex will be used
Long-step dual simplex will be used
Long-step dual simplex will be used
Long-step dual simplex will be used
Long-step dual simplex will be used
Long-step dual simplex will be used
Long-step dual simplex will be used
Long-step dual simplex will be used
Long-step dual simplex will be used
Long-step dual simplex will be used
Long-step dual simplex will be used
Long-step dual simplex will be used
Long-step dual simplex will be used
Long-step dual simplex will be used
Long-step dual simplex will be used
Long-step dual simplex will be used
Long-step dual simplex will be used
Long-step dual simplex will be used
Long-step dual simplex will be used
Long-step dual simplex will be used
Long-step dual simplex will be used
Long-step dual simplex will be used
Long-step dual simplex will be used
Long-step dual simplex will be used
Long-step dual simplex will be used
Long-step dual simplex will be used
Long-step dual simplex will be used
Long-step dual simplex will be used
Long-step dual simplex will be used
Long-step dual simplex will be used
Long-step dual simplex will be used
Long-step dual simplex will be used
Long-step dual simplex will be used
Long-step dual simplex will be used
Long-step dual simplex will be used
Long-step dual simplex will be used
Long-step dual simplex will be used
Long-step dual simplex will be used
Long-step dual simplex will be used
Long-step dual simplex will be used
Long-step dual simplex will be used
Long-step dual simplex will be used
Long-step dual simplex will be used
Long-step dual simplex will be used
Long-step dual simplex will be used
Long-step dual simplex will be used
Long-step dual simplex will be used
Long-step dual simplex will be used
Long-step dual simplex will be used
Long-step dual simplex will be used
Long-step dual simplex will be used
Long-step dual simplex will be used
Long-step dual simplex will be used
Long-step dual simplex will be used
Long-step dual simplex will be used
Long-step dual simplex will be used
Long-step dual simplex will be used
Long-step dual simplex will be used
Long-step dual simplex will be used
Long-step dual simplex will be used
Long-step dual simplex will be used
Long-step dual simplex will be used
Long-step dual simplex will be used
Long-step dual simplex will be used
Long-step dual simplex will be used
Long-step dual simplex will be used
Long-step dual simplex will be used
Long-step dual simplex will be used
Long-step dual simplex will be used
Long-step dual simplex will be used
Long-step dual simplex will be used
Long-step dual simplex will be used
Long-step dual simplex will be used
Long-step dual simplex will be used
Long-step dual simplex will be used
Long-step dual simplex will be used
Long-step dual simplex will be used
Long-step dual simplex will be used
Long-step dual simplex will be used
Long-step dual simplex will be used
Long-step dual simplex will be used
Long-step dual simplex will be used
Long-step dual simplex will be used
Long-step dual simplex will be used
Long-step dual simplex will be used
Long-step dual simplex will be used
Long-step dual simplex will be used
Long-step dual simplex will be used
Long-step dual simplex will be used
Long-step dual simplex will be used
Long-step dual simplex will be used
Long-step dual simplex will be used
Long-step dual simplex will be used
Long-step dual simplex will be used
Long-step dual simplex will be used
Long-step dual simplex will be used
Long-step dual simplex will be used
Long-step dual simplex will be used
Long-step dual simplex will be used
Long-step dual simplex will be used
Long-step dual simplex will be used
Long-step dual simplex will be used
Long-step dual simplex will be used
Long-step dual simplex will be used
Long-step dual simplex will be used
Long-step dual simplex will be used
Long-step dual simplex will be used
Long-step dual simplex will be used
Long-step dual simplex will be used
IPGBs, no binary truncation
Algorithm statistics:
zero_reductions => 11549
max_basis_size => 338
queued_pairs => 56953
built_pairs => 11938
reduced_pairs => 11862
eliminated_by_truncation => 0
removed_by_autoreduction => 0
eliminated_by_gcd => 45015
time => 0.016915744
memory => 0.0036236345767974854
IPGBs, with binary truncation
Algorithm statistics:
zero_reductions => 11549
max_basis_size => 338
queued_pairs => 56953
built_pairs => 11938
reduced_pairs => 11862
eliminated_by_truncation => 0
removed_by_autoreduction => 0
eliminated_by_gcd => 45015
time => 0.010812927
memory => 0.0036236345767974854
4ti2 results
4ti2 time => 0.056473234
