Long-step dual simplex will be used
Long-step dual simplex will be used
Long-step dual simplex will be used
Long-step dual simplex will be used
Long-step dual simplex will be used
Long-step dual simplex will be used
Long-step dual simplex will be used
Long-step dual simplex will be used
Long-step dual simplex will be used
Long-step dual simplex will be used
Long-step dual simplex will be used
Long-step dual simplex will be used
Long-step dual simplex will be used
Long-step dual simplex will be used
Long-step dual simplex will be used
Long-step dual simplex will be used
Long-step dual simplex will be used
Long-step dual simplex will be used
Long-step dual simplex will be used
Long-step dual simplex will be used
Long-step dual simplex will be used
Long-step dual simplex will be used
Long-step dual simplex will be used
Long-step dual simplex will be used
Long-step dual simplex will be used
Long-step dual simplex will be used
Long-step dual simplex will be used
Long-step dual simplex will be used
Long-step dual simplex will be used
Long-step dual simplex will be used
Long-step dual simplex will be used
Long-step dual simplex will be used
Long-step dual simplex will be used
Long-step dual simplex will be used
Long-step dual simplex will be used
Long-step dual simplex will be used
Long-step dual simplex will be used
Long-step dual simplex will be used
Long-step dual simplex will be used
Long-step dual simplex will be used
Long-step dual simplex will be used
Long-step dual simplex will be used
Long-step dual simplex will be used
Long-step dual simplex will be used
Long-step dual simplex will be used
Long-step dual simplex will be used
Long-step dual simplex will be used
Long-step dual simplex will be used
Long-step dual simplex will be used
Long-step dual simplex will be used
Long-step dual simplex will be used
Long-step dual simplex will be used
Long-step dual simplex will be used
Long-step dual simplex will be used
Long-step dual simplex will be used
Long-step dual simplex will be used
IPGBs, no binary truncation
Algorithm statistics:
zero_reductions => 191
max_basis_size => 39
queued_pairs => 741
built_pairs => 215
reduced_pairs => 215
eliminated_by_truncation => 0
removed_by_autoreduction => 0
eliminated_by_gcd => 526
time => 0.008109488
memory => 0.0010171756148338318
IPGBs, with binary truncation
Algorithm statistics:
zero_reductions => 191
max_basis_size => 39
queued_pairs => 741
built_pairs => 215
reduced_pairs => 215
eliminated_by_truncation => 0
removed_by_autoreduction => 0
eliminated_by_gcd => 526
time => 0.004883547
memory => 0.0010171756148338318
4ti2 results
4ti2 time => 0.020067883
