Long-step dual simplex will be used
Long-step dual simplex will be used
Long-step dual simplex will be used
Long-step dual simplex will be used
Long-step dual simplex will be used
Long-step dual simplex will be used
Long-step dual simplex will be used
Long-step dual simplex will be used
Long-step dual simplex will be used
Long-step dual simplex will be used
Long-step dual simplex will be used
Long-step dual simplex will be used
Long-step dual simplex will be used
Long-step dual simplex will be used
Long-step dual simplex will be used
Long-step dual simplex will be used
Long-step dual simplex will be used
Long-step dual simplex will be used
Long-step dual simplex will be used
Long-step dual simplex will be used
Long-step dual simplex will be used
Long-step dual simplex will be used
Long-step dual simplex will be used
Long-step dual simplex will be used
Long-step dual simplex will be used
Long-step dual simplex will be used
Long-step dual simplex will be used
Long-step dual simplex will be used
Long-step dual simplex will be used
Long-step dual simplex will be used
Long-step dual simplex will be used
Long-step dual simplex will be used
Long-step dual simplex will be used
Long-step dual simplex will be used
Long-step dual simplex will be used
Long-step dual simplex will be used
Long-step dual simplex will be used
Long-step dual simplex will be used
Long-step dual simplex will be used
Long-step dual simplex will be used
Long-step dual simplex will be used
Long-step dual simplex will be used
Long-step dual simplex will be used
Long-step dual simplex will be used
Long-step dual simplex will be used
Long-step dual simplex will be used
Long-step dual simplex will be used
Long-step dual simplex will be used
Long-step dual simplex will be used
Long-step dual simplex will be used
Long-step dual simplex will be used
Long-step dual simplex will be used
Long-step dual simplex will be used
Long-step dual simplex will be used
Long-step dual simplex will be used
Long-step dual simplex will be used
Long-step dual simplex will be used
Long-step dual simplex will be used
Long-step dual simplex will be used
Long-step dual simplex will be used
Long-step dual simplex will be used
Long-step dual simplex will be used
Long-step dual simplex will be used
Long-step dual simplex will be used
Long-step dual simplex will be used
Long-step dual simplex will be used
Long-step dual simplex will be used
Long-step dual simplex will be used
Long-step dual simplex will be used
Long-step dual simplex will be used
Long-step dual simplex will be used
Long-step dual simplex will be used
Long-step dual simplex will be used
Long-step dual simplex will be used
Long-step dual simplex will be used
Long-step dual simplex will be used
Long-step dual simplex will be used
Long-step dual simplex will be used
Long-step dual simplex will be used
Long-step dual simplex will be used
Long-step dual simplex will be used
Long-step dual simplex will be used
Long-step dual simplex will be used
Long-step dual simplex will be used
Long-step dual simplex will be used
Long-step dual simplex will be used
Long-step dual simplex will be used
Long-step dual simplex will be used
Long-step dual simplex will be used
Long-step dual simplex will be used
Long-step dual simplex will be used
Long-step dual simplex will be used
Long-step dual simplex will be used
Long-step dual simplex will be used
Long-step dual simplex will be used
Long-step dual simplex will be used
Long-step dual simplex will be used
Long-step dual simplex will be used
Long-step dual simplex will be used
Long-step dual simplex will be used
Long-step dual simplex will be used
Long-step dual simplex will be used
Long-step dual simplex will be used
Long-step dual simplex will be used
Long-step dual simplex will be used
Long-step dual simplex will be used
Long-step dual simplex will be used
Long-step dual simplex will be used
Long-step dual simplex will be used
Long-step dual simplex will be used
Long-step dual simplex will be used
Long-step dual simplex will be used
Long-step dual simplex will be used
Long-step dual simplex will be used
Long-step dual simplex will be used
Long-step dual simplex will be used
Long-step dual simplex will be used
Long-step dual simplex will be used
Long-step dual simplex will be used
Long-step dual simplex will be used
Long-step dual simplex will be used
Long-step dual simplex will be used
Long-step dual simplex will be used
Long-step dual simplex will be used
Long-step dual simplex will be used
Long-step dual simplex will be used
Long-step dual simplex will be used
Long-step dual simplex will be used
Long-step dual simplex will be used
Long-step dual simplex will be used
Long-step dual simplex will be used
Long-step dual simplex will be used
Long-step dual simplex will be used
Long-step dual simplex will be used
Long-step dual simplex will be used
Long-step dual simplex will be used
Long-step dual simplex will be used
Long-step dual simplex will be used
Long-step dual simplex will be used
Long-step dual simplex will be used
Long-step dual simplex will be used
Long-step dual simplex will be used
Long-step dual simplex will be used
Long-step dual simplex will be used
Long-step dual simplex will be used
Long-step dual simplex will be used
Long-step dual simplex will be used
Long-step dual simplex will be used
Long-step dual simplex will be used
Long-step dual simplex will be used
Long-step dual simplex will be used
Long-step dual simplex will be used
Long-step dual simplex will be used
Long-step dual simplex will be used
Long-step dual simplex will be used
Long-step dual simplex will be used
Long-step dual simplex will be used
Long-step dual simplex will be used
Long-step dual simplex will be used
Long-step dual simplex will be used
Long-step dual simplex will be used
Long-step dual simplex will be used
Long-step dual simplex will be used
Long-step dual simplex will be used
Long-step dual simplex will be used
Long-step dual simplex will be used
Long-step dual simplex will be used
Long-step dual simplex will be used
Long-step dual simplex will be used
Long-step dual simplex will be used
Long-step dual simplex will be used
Long-step dual simplex will be used
Long-step dual simplex will be used
Long-step dual simplex will be used
Long-step dual simplex will be used
Long-step dual simplex will be used
Long-step dual simplex will be used
Long-step dual simplex will be used
Long-step dual simplex will be used
Long-step dual simplex will be used
Long-step dual simplex will be used
Long-step dual simplex will be used
Long-step dual simplex will be used
Long-step dual simplex will be used
Long-step dual simplex will be used
Long-step dual simplex will be used
Long-step dual simplex will be used
Long-step dual simplex will be used
Long-step dual simplex will be used
Long-step dual simplex will be used
Long-step dual simplex will be used
Long-step dual simplex will be used
Long-step dual simplex will be used
Long-step dual simplex will be used
Long-step dual simplex will be used
Long-step dual simplex will be used
Long-step dual simplex will be used
Long-step dual simplex will be used
Long-step dual simplex will be used
Long-step dual simplex will be used
Long-step dual simplex will be used
Long-step dual simplex will be used
Long-step dual simplex will be used
Long-step dual simplex will be used
Long-step dual simplex will be used
Long-step dual simplex will be used
Long-step dual simplex will be used
Long-step dual simplex will be used
Long-step dual simplex will be used
Long-step dual simplex will be used
Long-step dual simplex will be used
Long-step dual simplex will be used
Long-step dual simplex will be used
Long-step dual simplex will be used
Long-step dual simplex will be used
Long-step dual simplex will be used
Long-step dual simplex will be used
Long-step dual simplex will be used
Long-step dual simplex will be used
Long-step dual simplex will be used
Long-step dual simplex will be used
Long-step dual simplex will be used
Long-step dual simplex will be used
Long-step dual simplex will be used
Long-step dual simplex will be used
Long-step dual simplex will be used
Long-step dual simplex will be used
Long-step dual simplex will be used
Long-step dual simplex will be used
Long-step dual simplex will be used
Long-step dual simplex will be used
Long-step dual simplex will be used
Long-step dual simplex will be used
Long-step dual simplex will be used
Long-step dual simplex will be used
Long-step dual simplex will be used
Long-step dual simplex will be used
Long-step dual simplex will be used
Long-step dual simplex will be used
Long-step dual simplex will be used
Long-step dual simplex will be used
Long-step dual simplex will be used
Long-step dual simplex will be used
Long-step dual simplex will be used
Long-step dual simplex will be used
Long-step dual simplex will be used
Long-step dual simplex will be used
Long-step dual simplex will be used
Long-step dual simplex will be used
Long-step dual simplex will be used
Long-step dual simplex will be used
Long-step dual simplex will be used
Long-step dual simplex will be used
Long-step dual simplex will be used
Long-step dual simplex will be used
Long-step dual simplex will be used
Long-step dual simplex will be used
Long-step dual simplex will be used
Long-step dual simplex will be used
Long-step dual simplex will be used
Long-step dual simplex will be used
Long-step dual simplex will be used
Long-step dual simplex will be used
Long-step dual simplex will be used
Long-step dual simplex will be used
Long-step dual simplex will be used
Long-step dual simplex will be used
Long-step dual simplex will be used
Long-step dual simplex will be used
Long-step dual simplex will be used
Long-step dual simplex will be used
Long-step dual simplex will be used
Long-step dual simplex will be used
Long-step dual simplex will be used
Long-step dual simplex will be used
Long-step dual simplex will be used
Long-step dual simplex will be used
Long-step dual simplex will be used
Long-step dual simplex will be used
Long-step dual simplex will be used
Long-step dual simplex will be used
Long-step dual simplex will be used
Long-step dual simplex will be used
Long-step dual simplex will be used
Long-step dual simplex will be used
Long-step dual simplex will be used
Long-step dual simplex will be used
Long-step dual simplex will be used
Long-step dual simplex will be used
Long-step dual simplex will be used
Long-step dual simplex will be used
Long-step dual simplex will be used
Long-step dual simplex will be used
Long-step dual simplex will be used
Long-step dual simplex will be used
Long-step dual simplex will be used
Long-step dual simplex will be used
Long-step dual simplex will be used
Long-step dual simplex will be used
Long-step dual simplex will be used
Long-step dual simplex will be used
Long-step dual simplex will be used
Long-step dual simplex will be used
Long-step dual simplex will be used
Long-step dual simplex will be used
Long-step dual simplex will be used
Long-step dual simplex will be used
Long-step dual simplex will be used
Long-step dual simplex will be used
Long-step dual simplex will be used
Long-step dual simplex will be used
Long-step dual simplex will be used
Long-step dual simplex will be used
Long-step dual simplex will be used
Long-step dual simplex will be used
Long-step dual simplex will be used
Long-step dual simplex will be used
Long-step dual simplex will be used
Long-step dual simplex will be used
Long-step dual simplex will be used
Long-step dual simplex will be used
Long-step dual simplex will be used
Long-step dual simplex will be used
Long-step dual simplex will be used
Long-step dual simplex will be used
Long-step dual simplex will be used
Long-step dual simplex will be used
Long-step dual simplex will be used
Long-step dual simplex will be used
Long-step dual simplex will be used
Long-step dual simplex will be used
Long-step dual simplex will be used
Long-step dual simplex will be used
Long-step dual simplex will be used
Long-step dual simplex will be used
Long-step dual simplex will be used
Long-step dual simplex will be used
Long-step dual simplex will be used
Long-step dual simplex will be used
Long-step dual simplex will be used
Long-step dual simplex will be used
Long-step dual simplex will be used
Long-step dual simplex will be used
Long-step dual simplex will be used
Long-step dual simplex will be used
Long-step dual simplex will be used
Long-step dual simplex will be used
Long-step dual simplex will be used
Long-step dual simplex will be used
Long-step dual simplex will be used
Long-step dual simplex will be used
Long-step dual simplex will be used
Long-step dual simplex will be used
Long-step dual simplex will be used
Long-step dual simplex will be used
Long-step dual simplex will be used
Long-step dual simplex will be used
Long-step dual simplex will be used
Long-step dual simplex will be used
Long-step dual simplex will be used
Long-step dual simplex will be used
Long-step dual simplex will be used
Long-step dual simplex will be used
Long-step dual simplex will be used
Long-step dual simplex will be used
Long-step dual simplex will be used
Long-step dual simplex will be used
Long-step dual simplex will be used
Long-step dual simplex will be used
Long-step dual simplex will be used
Long-step dual simplex will be used
Long-step dual simplex will be used
Long-step dual simplex will be used
Long-step dual simplex will be used
Long-step dual simplex will be used
Long-step dual simplex will be used
Long-step dual simplex will be used
Long-step dual simplex will be used
Long-step dual simplex will be used
Long-step dual simplex will be used
Long-step dual simplex will be used
Long-step dual simplex will be used
Long-step dual simplex will be used
Long-step dual simplex will be used
Long-step dual simplex will be used
Long-step dual simplex will be used
Long-step dual simplex will be used
Long-step dual simplex will be used
Long-step dual simplex will be used
Long-step dual simplex will be used
Long-step dual simplex will be used
Long-step dual simplex will be used
Long-step dual simplex will be used
Long-step dual simplex will be used
Long-step dual simplex will be used
Long-step dual simplex will be used
Long-step dual simplex will be used
Long-step dual simplex will be used
Long-step dual simplex will be used
Long-step dual simplex will be used
Long-step dual simplex will be used
Long-step dual simplex will be used
Long-step dual simplex will be used
Long-step dual simplex will be used
Long-step dual simplex will be used
Long-step dual simplex will be used
Long-step dual simplex will be used
Long-step dual simplex will be used
Long-step dual simplex will be used
Long-step dual simplex will be used
Long-step dual simplex will be used
Long-step dual simplex will be used
Long-step dual simplex will be used
Long-step dual simplex will be used
Long-step dual simplex will be used
Long-step dual simplex will be used
Long-step dual simplex will be used
Long-step dual simplex will be used
Long-step dual simplex will be used
Long-step dual simplex will be used
Long-step dual simplex will be used
Long-step dual simplex will be used
Long-step dual simplex will be used
Long-step dual simplex will be used
Long-step dual simplex will be used
Long-step dual simplex will be used
Long-step dual simplex will be used
Long-step dual simplex will be used
Long-step dual simplex will be used
Long-step dual simplex will be used
Long-step dual simplex will be used
Long-step dual simplex will be used
Long-step dual simplex will be used
Long-step dual simplex will be used
Long-step dual simplex will be used
Long-step dual simplex will be used
Long-step dual simplex will be used
Long-step dual simplex will be used
Long-step dual simplex will be used
Long-step dual simplex will be used
Long-step dual simplex will be used
Long-step dual simplex will be used
Long-step dual simplex will be used
Long-step dual simplex will be used
Long-step dual simplex will be used
Long-step dual simplex will be used
Long-step dual simplex will be used
Long-step dual simplex will be used
Long-step dual simplex will be used
Long-step dual simplex will be used
Long-step dual simplex will be used
Long-step dual simplex will be used
Long-step dual simplex will be used
Long-step dual simplex will be used
Long-step dual simplex will be used
Long-step dual simplex will be used
Long-step dual simplex will be used
Long-step dual simplex will be used
Long-step dual simplex will be used
Long-step dual simplex will be used
Long-step dual simplex will be used
Long-step dual simplex will be used
Long-step dual simplex will be used
Long-step dual simplex will be used
Long-step dual simplex will be used
Long-step dual simplex will be used
Long-step dual simplex will be used
Long-step dual simplex will be used
Long-step dual simplex will be used
Long-step dual simplex will be used
Long-step dual simplex will be used
Long-step dual simplex will be used
Long-step dual simplex will be used
Long-step dual simplex will be used
Long-step dual simplex will be used
Long-step dual simplex will be used
Long-step dual simplex will be used
Long-step dual simplex will be used
Long-step dual simplex will be used
Long-step dual simplex will be used
Long-step dual simplex will be used
Long-step dual simplex will be used
Long-step dual simplex will be used
Long-step dual simplex will be used
Long-step dual simplex will be used
Long-step dual simplex will be used
Long-step dual simplex will be used
Long-step dual simplex will be used
Long-step dual simplex will be used
Long-step dual simplex will be used
Long-step dual simplex will be used
Long-step dual simplex will be used
Long-step dual simplex will be used
Long-step dual simplex will be used
Long-step dual simplex will be used
Long-step dual simplex will be used
Long-step dual simplex will be used
Long-step dual simplex will be used
Long-step dual simplex will be used
Long-step dual simplex will be used
Long-step dual simplex will be used
Long-step dual simplex will be used
Long-step dual simplex will be used
Long-step dual simplex will be used
Long-step dual simplex will be used
Long-step dual simplex will be used
Long-step dual simplex will be used
Long-step dual simplex will be used
Long-step dual simplex will be used
Long-step dual simplex will be used
Long-step dual simplex will be used
Long-step dual simplex will be used
Long-step dual simplex will be used
Long-step dual simplex will be used
Long-step dual simplex will be used
Long-step dual simplex will be used
Long-step dual simplex will be used
Long-step dual simplex will be used
Long-step dual simplex will be used
Long-step dual simplex will be used
Long-step dual simplex will be used
Long-step dual simplex will be used
Long-step dual simplex will be used
Long-step dual simplex will be used
Long-step dual simplex will be used
Long-step dual simplex will be used
Long-step dual simplex will be used
Long-step dual simplex will be used
Long-step dual simplex will be used
Long-step dual simplex will be used
Long-step dual simplex will be used
Long-step dual simplex will be used
Long-step dual simplex will be used
Long-step dual simplex will be used
Long-step dual simplex will be used
Long-step dual simplex will be used
Long-step dual simplex will be used
Long-step dual simplex will be used
Long-step dual simplex will be used
Long-step dual simplex will be used
Long-step dual simplex will be used
Long-step dual simplex will be used
Long-step dual simplex will be used
Long-step dual simplex will be used
Long-step dual simplex will be used
Long-step dual simplex will be used
Long-step dual simplex will be used
Long-step dual simplex will be used
Long-step dual simplex will be used
Long-step dual simplex will be used
Long-step dual simplex will be used
Long-step dual simplex will be used
Long-step dual simplex will be used
Long-step dual simplex will be used
Long-step dual simplex will be used
Long-step dual simplex will be used
Long-step dual simplex will be used
Long-step dual simplex will be used
Long-step dual simplex will be used
Long-step dual simplex will be used
Long-step dual simplex will be used
Long-step dual simplex will be used
Long-step dual simplex will be used
Long-step dual simplex will be used
Long-step dual simplex will be used
Long-step dual simplex will be used
Long-step dual simplex will be used
Long-step dual simplex will be used
Long-step dual simplex will be used
Long-step dual simplex will be used
Long-step dual simplex will be used
Long-step dual simplex will be used
Long-step dual simplex will be used
IPGBs, no binary truncation
Algorithm statistics:
zero_reductions => 24987
max_basis_size => 519
queued_pairs => 134421
built_pairs => 25535
reduced_pairs => 25504
eliminated_by_truncation => 18
removed_by_autoreduction => 0
eliminated_by_gcd => 108886
time => 0.018859834
memory => 0.005630917847156525
IPGBs, with binary truncation
Algorithm statistics:
zero_reductions => 24987
max_basis_size => 519
queued_pairs => 134421
built_pairs => 25535
reduced_pairs => 25504
eliminated_by_truncation => 18
removed_by_autoreduction => 0
eliminated_by_gcd => 108886
time => 0.021273896
memory => 0.005630917847156525
4ti2 results
4ti2 time => 0.073061839
